# JRE version: OpenJDK Runtime Environment Temurin-17.0.10+7 (17.0.11+9) (build 17.0.10+7)
# Java VM: OpenJDK 64-Bit Server VM Temurin-17.0.10+7 (17.0.11+9, mixed mode, tiered, compressed oops, compressed class ptrs, g1 gc, windows-amd64)
GC Precious Log:
 CPUs: 20 total, 20 available
 Memory: 16108M
 Large Page Support: Disabled
 NUMA Support: Disabled
 Compressed Oops: Enabled (Zero based)
 Heap Region Size: 2M
 Heap Min Capacity: 8M
 Heap Initial Capacity: 252M
 Heap Max Capacity: 4028M
 Pre-touch: Disabled
 Parallel Workers: 15
 Concurrent Workers: 4
 Concurrent Refinement Workers: 15
 Periodic GC: Disabled
Heap:
 garbage-first heap   total 102400K, used 80358K [0x0000000704400000, 0x0000000800000000)
  region size 2048K, 20 young (40960K), 1 survivors (2048K)
 Metaspace       used 98721K, committed 99456K, reserved 1179648K
  class space    used 12543K, committed 12864K, reserved 1048576K
GC Heap History (20 events):
Event: 5.125 GC heap before
{Heap before GC invocations=17 (full 0):
 garbage-first heap   total 102400K, used 77358K [0x0000000704400000, 0x0000000800000000)
  region size 2048K, 25 young (51200K), 4 survivors (8192K)
 Metaspace       used 82337K, committed 82880K, reserved 1179648K
  class space    used 10734K, committed 11008K, reserved 1048576K
}
Event: 5.128 GC heap after
{Heap after GC invocations=18 (full 0):
 garbage-first heap   total 102400K, used 35486K [0x0000000704400000, 0x0000000800000000)
  region size 2048K, 2 young (4096K), 2 survivors (4096K)
 Metaspace       used 82337K, committed 82880K, reserved 1179648K
  class space    used 10734K, committed 11008K, reserved 1048576K
}
Event: 5.869 GC heap before
{Heap before GC invocations=18 (full 0):
 garbage-first heap   total 102400K, used 80542K [0x0000000704400000, 0x0000000800000000)
  region size 2048K, 24 young (49152K), 2 survivors (4096K)
 Metaspace       used 86621K, committed 87168K, reserved 1179648K
  class space    used 11342K, committed 11584K, reserved 1048576K
}
Event: 5.871 GC heap after
{Heap after GC invocations=19 (full 0):
 garbage-first heap   total 102400K, used 39729K [0x0000000704400000, 0x0000000800000000)
  region size 2048K, 3 young (6144K), 3 survivors (6144K)
 Metaspace       used 86621K, committed 87168K, reserved 1179648K
  class space    used 11342K, committed 11584K, reserved 1048576K
}
Event: 23.077 GC heap before
{Heap before GC invocations=19 (full 0):
 garbage-first heap   total 102400K, used 76593K [0x0000000704400000, 0x0000000800000000)
  region size 2048K, 22 young (45056K), 3 survivors (6144K)
 Metaspace       used 93777K, committed 94400K, reserved 1179648K
  class space    used 12299K, committed 12608K, reserved 1048576K
}
Event: 23.085 GC heap after
{Heap after GC invocations=20 (full 0):
 garbage-first heap   total 102400K, used 42195K [0x0000000704400000, 0x0000000800000000)
  region size 2048K, 2 young (4096K), 2 survivors (4096K)
 Metaspace       used 93777K, committed 94400K, reserved 1179648K
  class space    used 12299K, committed 12608K, reserved 1048576K
}
Event: 62.567 GC heap before
{Heap before GC invocations=20 (full 0):
 garbage-first heap   total 102400K, used 79059K [0x0000000704400000, 0x0000000800000000)
  region size 2048K, 20 young (40960K), 2 survivors (4096K)
 Metaspace       used 95093K, committed 95808K, reserved 1179648K
  class space    used 12355K, committed 12672K, reserved 1048576K
}
Event: 62.570 GC heap after
{Heap after GC invocations=21 (full 0):
 garbage-first heap   total 102400K, used 42156K [0x0000000704400000, 0x0000000800000000)
  region size 2048K, 2 young (4096K), 2 survivors (4096K)
 Metaspace       used 95093K, committed 95808K, reserved 1179648K
  class space    used 12355K, committed 12672K, reserved 1048576K
}
Event: 80.574 GC heap before
{Heap before GC invocations=21 (full 0):
 garbage-first heap   total 102400K, used 76972K [0x0000000704400000, 0x0000000800000000)
  region size 2048K, 20 young (40960K), 2 survivors (4096K)
 Metaspace       used 96441K, committed 97152K, reserved 1179648K
  class space    used 12361K, committed 12672K, reserved 1048576K
}
Event: 80.577 GC heap after
{Heap after GC invocations=22 (full 0):
 garbage-first heap   total 102400K, used 42590K [0x0000000704400000, 0x0000000800000000)
  region size 2048K, 2 young (4096K), 2 survivors (4096K)
 Metaspace       used 96441K, committed 97152K, reserved 1179648K
  class space    used 12361K, committed 12672K, reserved 1048576K
}
Event: 136.307 GC heap before
{Heap before GC invocations=22 (full 0):
 garbage-first heap   total 102400K, used 81502K [0x0000000704400000, 0x0000000800000000)
  region size 2048K, 21 young (43008K), 2 survivors (4096K)
 Metaspace       used 96702K, committed 97408K, reserved 1179648K
  class space    used 12362K, committed 12672K, reserved 1048576K
}
Event: 136.310 GC heap after
{Heap after GC invocations=23 (full 0):
 garbage-first heap   total 102400K, used 42787K [0x0000000704400000, 0x0000000800000000)
  region size 2048K, 1 young (2048K), 1 survivors (2048K)
 Metaspace       used 96702K, committed 97408K, reserved 1179648K
  class space    used 12362K, committed 12672K, reserved 1048576K
}
Event: 235.322 GC heap before
{Heap before GC invocations=23 (full 0):
 garbage-first heap   total 102400K, used 81699K [0x0000000704400000, 0x0000000800000000)
  region size 2048K, 20 young (40960K), 1 survivors (2048K)
 Metaspace       used 96942K, committed 97600K, reserved 1179648K
  class space    used 12378K, committed 12672K, reserved 1048576K
}
Event: 235.324 GC heap after
{Heap after GC invocations=24 (full 0):
 garbage-first heap   total 102400K, used 42647K [0x0000000704400000, 0x0000000800000000)
  region size 2048K, 1 young (2048K), 1 survivors (2048K)
 Metaspace       used 96942K, committed 97600K, reserved 1179648K
  class space    used 12378K, committed 12672K, reserved 1048576K
}
Event: 291.401 GC heap before
{Heap before GC invocations=24 (full 0):
 garbage-first heap   total 102400K, used 81559K [0x0000000704400000, 0x0000000800000000)
  region size 2048K, 21 young (43008K), 1 survivors (2048K)
 Metaspace       used 97991K, committed 98688K, reserved 1179648K
  class space    used 12494K, committed 12800K, reserved 1048576K
}
Event: 291.404 GC heap after
{Heap after GC invocations=25 (full 0):
 garbage-first heap   total 102400K, used 43094K [0x0000000704400000, 0x0000000800000000)
  region size 2048K, 1 young (2048K), 1 survivors (2048K)
 Metaspace       used 97991K, committed 98688K, reserved 1179648K
  class space    used 12494K, committed 12800K, reserved 1048576K
}
Event: 344.491 GC heap before
{Heap before GC invocations=25 (full 0):
 garbage-first heap   total 102400K, used 84054K [0x0000000704400000, 0x0000000800000000)
  region size 2048K, 21 young (43008K), 1 survivors (2048K)
 Metaspace       used 98325K, committed 99008K, reserved 1179648K
  class space    used 12523K, committed 12864K, reserved 1048576K
}
Event: 344.495 GC heap after
{Heap after GC invocations=26 (full 0):
 garbage-first heap   total 102400K, used 43339K [0x0000000704400000, 0x0000000800000000)
  region size 2048K, 1 young (2048K), 1 survivors (2048K)
 Metaspace       used 98325K, committed 99008K, reserved 1179648K
  class space    used 12523K, committed 12864K, reserved 1048576K
}
Event: 428.457 GC heap before
{Heap before GC invocations=26 (full 0):
 garbage-first heap   total 102400K, used 84299K [0x0000000704400000, 0x0000000800000000)
  region size 2048K, 21 young (43008K), 1 survivors (2048K)
 Metaspace       used 98450K, committed 99200K, reserved 1179648K
  class space    used 12526K, committed 12864K, reserved 1048576K
}
Event: 428.461 GC heap after
{Heap after GC invocations=27 (full 0):
 garbage-first heap   total 102400K, used 43494K [0x0000000704400000, 0x0000000800000000)
  region size 2048K, 1 young (2048K), 1 survivors (2048K)
 Metaspace       used 98450K, committed 99200K, reserved 1179648K
  class space    used 12526K, committed 12864K, reserved 1048576K
}

